[debug] [2023-03-19T13:01:08.508Z] ----------------------------------------------------------------------
[debug] [2023-03-19T13:01:08.513Z] Command:       C:\Program Files\nodejs\node.exe C:\Users\Acer\AppData\Roaming\npm\node_modules\firebase-tools\lib\bin\firebase.js init
[debug] [2023-03-19T13:01:08.514Z] CLI Version:   11.24.1
[debug] [2023-03-19T13:01:08.514Z] Platform:      win32
[debug] [2023-03-19T13:01:08.515Z] Node Version:  v18.7.0
[debug] [2023-03-19T13:01:08.517Z] Time:          Sun Mar 19 2023 18:46:08 GMT+0545 (Nepal Time)
[debug] [2023-03-19T13:01:08.517Z] ----------------------------------------------------------------------
[debug] 
[debug] [2023-03-19T13:01:08.533Z] > command requires scopes: ["email","openid","https://www.googleapis.com/auth/cloudplatformprojects.readonly","https://www.googleapis.com/auth/firebase","https://www.googleapis.com/auth/cloud-platform"]
[debug] [2023-03-19T13:01:08.535Z] > authorizing via signed-in user (pujanchelsea1@gmail.com)
[info] 
     ######## #### ########  ######## ########     ###     ######  ########
     ##        ##  ##     ## ##       ##     ##  ##   ##  ##       ##
     ######    ##  ########  ######   ########  #########  ######  ######
     ##        ##  ##    ##  ##       ##     ## ##     ##       ## ##
     ##       #### ##     ## ######## ########  ##     ##  ######  ########

You're about to initialize a Firebase project in this directory:

  D:\New folder\react-projects\social-media-app

[info] 
=== Project Setup
[info] 
[info] First, let's associate this project directory with a Firebase project.
[info] You can create multiple project aliases by running firebase use --add, 
[info] but for now we'll just set up a default project.
[info] 
[debug] [2023-03-19T13:01:26.463Z] >>> [apiv2][query] GET https://firebase.googleapis.com/v1beta1/projects pageSize=100
[debug] [2023-03-19T13:01:27.612Z] <<< [apiv2][status] GET https://firebase.googleapis.com/v1beta1/projects 200
[debug] [2023-03-19T13:01:27.612Z] <<< [apiv2][body] GET https://firebase.googleapis.com/v1beta1/projects [omitted]
[info] i  Using project social-media-app-83e66 (social-media-app) 
[info] 
=== Hosting Setup
[info] 
[info] Your public directory is the folder (relative to your project directory) that
[info] will contain Hosting assets to be uploaded with firebase deploy. If you
[info] have a build process for your assets, use your build's output directory.
[info] 
